#
# There is insufficient memory for the Java Runtime Environment to continue.
# Native memory allocation (mmap) failed to map 266338304 bytes for G1 virtual space
# Possible reasons:
#   The system is out of physical RAM or swap space
#   The process is running with CompressedOops enabled, and the Java Heap may be blocking the growth of the native heap
# Possible solutions:
#   Reduce memory load on the system
#   Increase physical memory or swap space
#   Check if swap backing store is full
#   Decrease Java heap size (-Xmx/-Xms)
#   Decrease number of Java threads
#   Decrease Java thread stack sizes (-Xss)
#   Set larger code cache with -XX:ReservedCodeCacheSize=
#   JVM is running with Unscaled Compressed Oops mode in which the Java heap is
#     placed in the first 4GB address space. The Java Heap base address is the
#     maximum limit for the native heap growth. Please use -XX:HeapBaseMinAddress
#     to set the Java Heap base and to place the Java Heap above 4GB virtual address.
# This output file may be truncated or incomplete.
#
#  Out of Memory Error (os_windows.cpp:3532), pid=468688, tid=468940
#
# JRE version:  (17.0.2+8) (build )
# Java VM: Java HotSpot(TM) 64-Bit Server VM (17.0.2+8-LTS-86, mixed mode, sharing, tiered, compressed oops, compressed class ptrs, g1 gc, windows-amd64)
# No core dump will be written. Minidumps are not enabled by default on client versions of Windows
#

---------------  S U M M A R Y ------------

Command Line: -Djava.awt.headless=true -Dorg.gradle.internal.worker.tmpdir=C:\Users\Charles Maina\AndroidStudioProjects\Fotos\data\repository\build\tmp\testDebugUnitTest\work -Dorg.gradle.native=false --add-opens=java.base/java.util=ALL-UNNAMED --add-opens=java.base/java.lang=ALL-UNNAMED -Xmx512m -Dfile.encoding=UTF-8 -Duser.country=US -Duser.language=en -Duser.variant -ea worker.org.gradle.process.internal.worker.GradleWorkerMain 'Gradle Test Executor 1'

Host: 11th Gen Intel(R) Core(TM) i7-1165G7 @ 2.80GHz, 8 cores, 15G,  Windows 11 , 64 bit Build 22000 (10.0.22000.708)
Time: Thu Oct  6 23:02:32 2022 E. Africa Standard Time elapsed time: 0.027070 seconds (0d 0h 0m 0s)

---------------  T H R E A D  ---------------

Current thread (0x000001a7ba21a150):  JavaThread "Unknown thread" [_thread_in_vm, id=468940, stack(0x00000091bd400000,0x00000091bd500000)]

Stack: [0x00000091bd400000,0x00000091bd500000]
Native frames: (J=compiled Java code, j=interpreted, Vv=VM code, C=native code)
V  [jvm.dll+0x670baa]
V  [jvm.dll+0x7cfcb4]
V  [jvm.dll+0x7d145e]
V  [jvm.dll+0x7d1ac3]
V  [jvm.dll+0x242bc5]
V  [jvm.dll+0x66dac9]
V  [jvm.dll+0x662412]
V  [jvm.dll+0x300c0b]
V  [jvm.dll+0x3081a6]
V  [jvm.dll+0x357d0e]
V  [jvm.dll+0x357f3f]
V  [jvm.dll+0x2d7ec8]
V  [jvm.dll+0x2d8e34]
V  [jvm.dll+0x7a18c1]
V  [jvm.dll+0x365a91]
V  [jvm.dll+0x780d2c]
V  [jvm.dll+0x3e845f]
V  [jvm.dll+0x3e9f01]
C  [jli.dll+0x527b]
C  [ucrtbase.dll+0x26c0c]
C  [KERNEL32.DLL+0x154e0]
C  [ntdll.dll+0x485b]


---------------  P R O C E S S  ---------------

Threads class SMR info:
_java_thread_list=0x00007ffa1e7d9858, length=0, elements={
}

Java Threads: ( => current thread )

Other Threads:
  0x000001a7ba248610 GCTaskThread "GC Thread#0" [stack: 0x00000091bd500000,0x00000091bd600000] [id=455460]
  0x000001a7ba24b440 ConcurrentGCThread "G1 Main Marker" [stack: 0x00000091bd600000,0x00000091bd700000] [id=448472]
  0x000001a7ba24e920 ConcurrentGCThread "G1 Conc#0" [stack: 0x00000091bd700000,0x00000091bd800000] [id=468648]

[error occurred during error reporting (printing all threads), id 0xc0000005, EXCEPTION_ACCESS_VIOLATION (0xc0000005) at pc=0x00007ffa1e0288a7]

VM state: not at safepoint (not fully initialized)

VM Mutex/Monitor currently owned by a thread:  ([mutex/lock_event])
[0x000001a7ba2155c0] Heap_lock - owner thread: 0x000001a7ba21a150

Heap address: 0x00000000e0000000, size: 512 MB, Compressed Oops mode: 32-bit

CDS archive(s) mapped at: [0x0000000000000000-0x0000000000000000-0x0000000000000000), size 0, SharedBaseAddress: 0x0000000800000000, ArchiveRelocationMode: 0.
Narrow klass base: 0x0000000000000000, Narrow klass shift: 0, Narrow klass range: 0x0

GC Precious Log:
<Empty>

Heap:
 garbage-first heap   total 0K, used 0K [0x00000000e0000000, 0x0000000100000000)
  region size 1024K, 0 young (0K), 0 survivors (0K)

[error occurred during error reporting (printing heap information), id 0xc0000005, EXCEPTION_ACCESS_VIOLATION (0xc0000005) at pc=0x00007ffa1e409f19]

GC Heap History (0 events):
No events

Deoptimization events (0 events):
No events

Classes unloaded (0 events):
No events

Classes redefined (0 events):
No events

Internal exceptions (0 events):
No events

VM Operations (0 events):
No events

Events (1 events):
Event: 0.014 Loaded shared library C:\Program Files\Java\jdk-17.0.2\bin\java.dll


Dynamic libraries:
0x00007ff79c900000 - 0x00007ff79c910000 	C:\Program Files\Java\jdk-17.0.2\bin\java.exe
0x00007ffa92860000 - 0x00007ffa92a69000 	C:\WINDOWS\SYSTEM32\ntdll.dll
0x00007ffa917f0000 - 0x00007ffa918ad000 	C:\WINDOWS\System32\KERNEL32.DLL
0x00007ffa90370000 - 0x00007ffa906ed000 	C:\WINDOWS\System32\KERNELBASE.dll
0x00007ffa90010000 - 0x00007ffa90121000 	C:\WINDOWS\System32\ucrtbase.dll
0x00007ffa76430000 - 0x00007ffa7644a000 	C:\Program Files\Java\jdk-17.0.2\bin\VCRUNTIME140.dll
0x00007ffa78fe0000 - 0x00007ffa78ff8000 	C:\Program Files\Java\jdk-17.0.2\bin\jli.dll
0x00007ffa90b00000 - 0x00007ffa90bae000 	C:\WINDOWS\System32\ADVAPI32.dll
0x00007ffa92170000 - 0x00007ffa92213000 	C:\WINDOWS\System32\msvcrt.dll
0x00007ffa92640000 - 0x00007ffa926de000 	C:\WINDOWS\System32\sechost.dll
0x00007ffa92450000 - 0x00007ffa92570000 	C:\WINDOWS\System32\RPCRT4.dll
0x00007ffa90700000 - 0x00007ffa908ad000 	C:\WINDOWS\System32\USER32.dll
0x00007ffa902a0000 - 0x00007ffa902c6000 	C:\WINDOWS\System32\win32u.dll
0x00007ffa7a4b0000 - 0x00007ffa7a755000 	C:\WINDOWS\WinSxS\amd64_microsoft.windows.common-controls_6595b64144ccf1df_6.0.22000.120_none_9d947278b86cc467\COMCTL32.dll
0x00007ffa92360000 - 0x00007ffa92389000 	C:\WINDOWS\System32\GDI32.dll
0x00007ffa8fef0000 - 0x00007ffa90008000 	C:\WINDOWS\System32\gdi32full.dll
0x00007ffa902d0000 - 0x00007ffa9036d000 	C:\WINDOWS\System32\msvcp_win.dll
0x00007ffa89960000 - 0x00007ffa8996a000 	C:\WINDOWS\SYSTEM32\VERSION.dll
0x00007ffa923f0000 - 0x00007ffa92421000 	C:\WINDOWS\System32\IMM32.DLL
0x00007ffa88110000 - 0x00007ffa8811c000 	C:\Program Files\Java\jdk-17.0.2\bin\vcruntime140_1.dll
0x00007ffa5ba60000 - 0x00007ffa5baed000 	C:\Program Files\Java\jdk-17.0.2\bin\msvcp140.dll
0x00007ffa1dd40000 - 0x00007ffa1e901000 	C:\Program Files\Java\jdk-17.0.2\bin\server\jvm.dll
0x00007ffa92430000 - 0x00007ffa92438000 	C:\WINDOWS\System32\PSAPI.DLL
0x00007ffa87b20000 - 0x00007ffa87b53000 	C:\WINDOWS\SYSTEM32\WINMM.dll
0x00007ffa6f4f0000 - 0x00007ffa6f4f9000 	C:\WINDOWS\SYSTEM32\WSOCK32.dll
0x00007ffa91780000 - 0x00007ffa917ef000 	C:\WINDOWS\System32\ws2_32.DLL
0x00007ffa8ef30000 - 0x00007ffa8ef48000 	C:\WINDOWS\SYSTEM32\kernel.appcore.dll
0x00007ffa7a3c0000 - 0x00007ffa7a3ca000 	C:\Program Files\Java\jdk-17.0.2\bin\jimage.dll
0x00007ffa8d950000 - 0x00007ffa8db71000 	C:\WINDOWS\SYSTEM32\DBGHELP.DLL
0x00007ffa71bf0000 - 0x00007ffa71c21000 	C:\WINDOWS\SYSTEM32\dbgcore.DLL
0x00007ffa8fdb0000 - 0x00007ffa8fe2f000 	C:\WINDOWS\System32\bcryptPrimitives.dll
0x00007ffa73800000 - 0x00007ffa73825000 	C:\Program Files\Java\jdk-17.0.2\bin\java.dll

dbghelp: loaded successfully - version: 4.0.5 - missing functions: none
symbol engine: initialized successfully - sym options: 0x614 - pdb path: .;C:\Program Files\Java\jdk-17.0.2\bin;C:\WINDOWS\SYSTEM32;C:\WINDOWS\WinSxS\amd64_microsoft.windows.common-controls_6595b64144ccf1df_6.0.22000.120_none_9d947278b86cc467;C:\Program Files\Java\jdk-17.0.2\bin\server

VM Arguments:
jvm_args: -Djava.awt.headless=true -Dorg.gradle.internal.worker.tmpdir=C:\Users\Charles Maina\AndroidStudioProjects\Fotos\data\repository\build\tmp\testDebugUnitTest\work -Dorg.gradle.native=false --add-opens=java.base/java.util=ALL-UNNAMED --add-opens=java.base/java.lang=ALL-UNNAMED -Xmx512m -Dfile.encoding=UTF-8 -Duser.country=US -Duser.language=en -Duser.variant -ea 
java_command: worker.org.gradle.process.internal.worker.GradleWorkerMain 'Gradle Test Executor 1'
java_class_path (initial): C:\Users\Charles Maina\.gradle\caches\7.3.3\workerMain\gradle-worker.jar;C:\Users\Charles Maina\AndroidStudioProjects\Fotos\data\repository\build\tmp\kotlin-classes\debugUnitTest;C:\Users\Charles Maina\AndroidStudioProjects\Fotos\data\repository\build\intermediates\runtime_library_classes_jar\debug\classes.jar;C:\Users\Charles Maina\.gradle\caches\transforms-3\d2aec82206be30690833b7755b3ada7b\transformed\jetified-truth-1.1.3.jar;C:\Users\Charles Maina\.gradle\caches\transforms-3\dd0dcde63e1112101b980bdac5145194\transformed\jetified-junit-4.13.2.jar;C:\Users\Charles Maina\.gradle\caches\transforms-3\91cd28f87e5ad4be202b7739d2c3f33d\transformed\jetified-mockk-1.11.0.jar;C:\Users\Charles Maina\AndroidStudioProjects\Fotos\data\network\build\intermediates\runtime_library_classes_jar\debug\classes.jar;C:\Users\Charles Maina\AndroidStudioProjects\Fotos\data\local\build\intermediates\runtime_library_classes_jar\debug\classes.jar;C:\Users\Charles Maina\AndroidStudioProjects\Fotos\domain\build\intermediates\runtime_library_classes_jar\debug\classes.jar;C:\Users\Charles Maina\.gradle\caches\transforms-3\41e121d3e9655f48bfec83945719fdfe\transformed\jetified-logging-interceptor-4.10.0.jar;C:\Users\Charles Maina\.gradle\caches\transforms-3\798e58cd5a6d77a8f46df0f2c9b2a28d\transformed\paging-runtime-3.1.1-runtime.jar;C:\Users\Charles Maina\.gradle\caches\transforms-3\b2feb3deedb15ab6ab178bbba2386b35\transformed\jetified-paging-common-ktx-3.1.1.jar;C:\Users\Charles Maina\.gradle\caches\modules-2\files-2.1\androidx.paging\paging-common\3.1.1\586d234381652d6107a0cb5754bd29c0a6807fbe\paging-common-3.1.1.jar;C:\Users\Charles Maina\.gradle\caches\transforms-3\be40cc941e50e5614d4a0ea2d549ba9d\transformed\jetified-lifecycle-livedata-ktx-2.2.0-runtime.jar;C:\Users\Charles Maina\.gradle\caches\transforms-3\c49a9b8780a46556262903e3553f9df7\transformed\jetified-datastore-preferences-1.0.0-runtime.jar;C:\Users\Charles Maina\.gradle\caches\transforms-3\1b25354310b2c
Launcher Type: SUN_STANDARD

[Global flags]
     intx CICompilerCount                          = 4                                         {product} {ergonomic}
     uint ConcGCThreads                            = 2                                         {product} {ergonomic}
     uint G1ConcRefinementThreads                  = 8                                         {product} {ergonomic}
   size_t G1HeapRegionSize                         = 1048576                                   {product} {ergonomic}
    uintx GCDrainStackTargetSize                   = 64                                        {product} {ergonomic}
   size_t InitialHeapSize                          = 266338304                                 {product} {ergonomic}
   size_t MarkStackSize                            = 4194304                                   {product} {ergonomic}
   size_t MaxHeapSize                              = 536870912                                 {product} {command line}
   size_t MinHeapDeltaBytes                        = 1048576                                   {product} {ergonomic}
   size_t MinHeapSize                              = 8388608                                   {product} {ergonomic}
    uintx NonNMethodCodeHeapSize                   = 5839372                                {pd product} {ergonomic}
    uintx NonProfiledCodeHeapSize                  = 122909434                              {pd product} {ergonomic}
    uintx ProfiledCodeHeapSize                     = 122909434                              {pd product} {ergonomic}
    uintx ReservedCodeCacheSize                    = 251658240                              {pd product} {ergonomic}
     bool SegmentedCodeCache                       = true                                      {product} {ergonomic}
   size_t SoftMaxHeapSize                          = 536870912                              {manageable} {ergonomic}
     bool UseCompressedClassPointers               = true                           {product lp64_product} {ergonomic}
     bool UseCompressedOops                        = true                           {product lp64_product} {ergonomic}
     bool UseG1GC                                  = true                                      {product} {ergonomic}
     bool UseLargePagesIndividualAllocation        = false                                  {pd product} {ergonomic}

Logging:
Log output configuration:
 #0: stdout all=warning uptime,level,tags
 #1: stderr all=off uptime,level,tags

Environment Variables:
JAVA_HOME=C:\Program Files\Java\jdk-17.0.2
PATH=C:\Program Files\Eclipse Adoptium\jdk-11.0.16.101-hotspot\bin;C:\Program Files\Common Files\Oracle\Java\javapath;C:\WINDOWS\system32;C:\WINDOWS;C:\WINDOWS\System32\Wbem;C:\WINDOWS\System32\WindowsPowerShell\v1.0\;C:\WINDOWS\System32\OpenSSH\;C:\Program Files\Git\cmd;C:\sqlite3;C:\Program Files\Go\bin;C:\Users\Charles Maina\Downloads\sonarqube-9.6.1.59531\bin;C:\Program Files\MySQL\MySQL Shell 8.0\bin\;C:\Users\Charles Maina\AppData\Local\Microsoft\WindowsApps;C:\Users\Charles Maina\AppData\Local\GitHubDesktop\bin;C:\Users\Charles Maina\go\bin;C:\Program Files\JetBrains\GoLand 2022.2\bin;;C:\Users\Charles Maina\AppData\Local\Programs\Microsoft VS Code\bin
USERNAME=Charles Maina
OS=Windows_NT
PROCESSOR_IDENTIFIER=Intel64 Family 6 Model 140 Stepping 1, GenuineIntel



---------------  S Y S T E M  ---------------

OS:
 Windows 11 , 64 bit Build 22000 (10.0.22000.708)
OS uptime: 38 days 16:59 hours

CPU: total 8 (initial active 8) (4 cores per cpu, 2 threads per core) family 6 model 140 stepping 1 microcode 0x8a, cx8, cmov, fxsr, ht, mmx, 3dnowpref, sse, sse2, sse3, ssse3, sse4.1, sse4.2, popcnt, lzcnt, tsc, tscinvbit, avx, avx2, aes, erms, clmul, bmi1, bmi2, adx, avx512f, avx512dq, avx512cd, avx512bw, avx512vl, sha, fma, vzeroupper, avx512_vpopcntdq, avx512_vpclmulqdq, avx512_vaes, avx512_vnni, clflush, clflushopt, clwb, avx512_vbmi2, avx512_vbmi

Memory: 4k page, system-wide physical 16183M (87M free)
TotalPageFile size 65335M (AvailPageFile size 121M)
current process WorkingSet (physical memory assigned to process): 10M, peak: 10M
current process commit charge ("private bytes"): 59M, peak: 313M

vm_info: Java HotSpot(TM) 64-Bit Server VM (17.0.2+8-LTS-86) for windows-amd64 JRE (17.0.2+8-LTS-86), built on Dec  7 2021 21:51:03 by "mach5one" with MS VC++ 16.8 / 16.9 (VS2019)

END.
